{"/Users/andrewmundy/Dev/DDD/frontend/src/App.tsx": {"path":"/Users/andrewmundy/Dev/DDD/frontend/src/App.tsx","statementMap":{"0":{"start":{"line":27,"column":4},"end":{"line":27,"column":60}},"1":{"start":{"line":31,"column":4},"end":{"line":68,"column":6}},"2":{"start":{"line":43,"column":64},"end":{"line":43,"column":124}},"3":{"start":{"line":56,"column":68},"end":{"line":56,"column":108}},"4":{"start":{"line":62,"column":68},"end":{"line":62,"column":111}},"5":{"start":{"line":72,"column":32},"end":{"line":72,"column":42}},"6":{"start":{"line":73,"column":4},"end":{"line":84,"column":5}},"7":{"start":{"line":74,"column":6},"end":{"line":74,"column":35}},"8":{"start":{"line":75,"column":6},"end":{"line":75,"column":44}},"9":{"start":{"line":76,"column":23},"end":{"line":76,"column":115}},"10":{"start":{"line":77,"column":32},"end":{"line":77,"column":45}},"11":{"start":{"line":78,"column":6},"end":{"line":78,"column":40}},"12":{"start":{"line":79,"column":6},"end":{"line":79,"column":42}},"13":{"start":{"line":81,"column":6},"end":{"line":81,"column":55}},"14":{"start":{"line":83,"column":6},"end":{"line":83,"column":45}},"15":{"start":{"line":88,"column":4},"end":{"line":88,"column":27}},"16":{"start":{"line":89,"column":4},"end":{"line":89,"column":41}},"17":{"start":{"line":93,"column":4},"end":{"line":101,"column":5}},"18":{"start":{"line":94,"column":6},"end":{"line":94,"column":35}},"19":{"start":{"line":95,"column":23},"end":{"line":95,"column":103}},"20":{"start":{"line":96,"column":6},"end":{"line":96,"column":45}},"21":{"start":{"line":98,"column":6},"end":{"line":98,"column":55}},"22":{"start":{"line":100,"column":6},"end":{"line":100,"column":45}}},"fnMap":{"0":{"name":"(anonymous_0)","decl":{"start":{"line":26,"column":2},"end":{"line":26,"column":3}},"loc":{"start":{"line":26,"column":29},"end":{"line":28,"column":3}},"line":26},"1":{"name":"(anonymous_1)","decl":{"start":{"line":30,"column":2},"end":{"line":30,"column":3}},"loc":{"start":{"line":30,"column":18},"end":{"line":69,"column":3}},"line":30},"2":{"name":"(anonymous_2)","decl":{"start":{"line":43,"column":37},"end":{"line":43,"column":38}},"loc":{"start":{"line":43,"column":64},"end":{"line":43,"column":124}},"line":43},"3":{"name":"(anonymous_3)","decl":{"start":{"line":56,"column":24},"end":{"line":56,"column":25}},"loc":{"start":{"line":56,"column":68},"end":{"line":56,"column":108}},"line":56},"4":{"name":"(anonymous_4)","decl":{"start":{"line":62,"column":24},"end":{"line":62,"column":25}},"loc":{"start":{"line":62,"column":68},"end":{"line":62,"column":111}},"line":62},"5":{"name":"(anonymous_5)","decl":{"start":{"line":71,"column":24},"end":{"line":71,"column":25}},"loc":{"start":{"line":71,"column":51},"end":{"line":85,"column":3}},"line":71},"6":{"name":"(anonymous_6)","decl":{"start":{"line":87,"column":19},"end":{"line":87,"column":20}},"loc":{"start":{"line":87,"column":31},"end":{"line":90,"column":3}},"line":87},"7":{"name":"(anonymous_7)","decl":{"start":{"line":92,"column":24},"end":{"line":92,"column":25}},"loc":{"start":{"line":92,"column":51},"end":{"line":102,"column":3}},"line":92}},"branchMap":{"0":{"loc":{"start":{"line":38,"column":9},"end":{"line":66,"column":9}},"type":"cond-expr","locations":[{"start":{"line":39,"column":10},"end":{"line":48,"column":16}},{"start":{"line":50,"column":10},"end":{"line":65,"column":16}}],"line":38}},"s":{"0":7,"1":35,"2":2,"3":1,"4":1,"5":2,"6":2,"7":2,"8":2,"9":2,"10":1,"11":1,"12":1,"13":1,"14":2,"15":1,"16":1,"17":2,"18":2,"19":2,"20":1,"21":1,"22":2},"f":{"0":7,"1":35,"2":2,"3":1,"4":1,"5":2,"6":1,"7":2},"b":{"0":[12,23]},"_coverageSchema":"332fd63041d2c1bcb487cc26dd0d5f7d97098a6c","hash":"27d2034acb3c59de337500eaba290d3bf52a36a0"}
,"/Users/andrewmundy/Dev/DDD/frontend/src/session.ts": {"path":"/Users/andrewmundy/Dev/DDD/frontend/src/session.ts","statementMap":{"0":{"start":{"line":2,"column":26},"end":{"line":5,"column":1}},"1":{"start":{"line":3,"column":2},"end":{"line":3,"column":39}},"2":{"start":{"line":4,"column":2},"end":{"line":4,"column":41}},"3":{"start":{"line":8,"column":28},"end":{"line":11,"column":1}},"4":{"start":{"line":9,"column":2},"end":{"line":9,"column":35}},"5":{"start":{"line":10,"column":2},"end":{"line":10,"column":36}},"6":{"start":{"line":14,"column":30},"end":{"line":20,"column":1}},"7":{"start":{"line":15,"column":17},"end":{"line":15,"column":47}},"8":{"start":{"line":16,"column":2},"end":{"line":18,"column":3}},"9":{"start":{"line":17,"column":4},"end":{"line":17,"column":43}},"10":{"start":{"line":19,"column":2},"end":{"line":19,"column":15}},"11":{"start":{"line":23,"column":30},"end":{"line":25,"column":2}},"12":{"start":{"line":23,"column":37},"end":{"line":25,"column":1}}},"fnMap":{"0":{"name":"(anonymous_0)","decl":{"start":{"line":2,"column":26},"end":{"line":2,"column":27}},"loc":{"start":{"line":2,"column":67},"end":{"line":5,"column":1}},"line":2},"1":{"name":"(anonymous_1)","decl":{"start":{"line":8,"column":28},"end":{"line":8,"column":29}},"loc":{"start":{"line":8,"column":40},"end":{"line":11,"column":1}},"line":8},"2":{"name":"(anonymous_2)","decl":{"start":{"line":14,"column":30},"end":{"line":14,"column":31}},"loc":{"start":{"line":14,"column":45},"end":{"line":20,"column":1}},"line":14},"3":{"name":"(anonymous_3)","decl":{"start":{"line":23,"column":30},"end":{"line":23,"column":31}},"loc":{"start":{"line":23,"column":37},"end":{"line":25,"column":1}},"line":23}},"branchMap":{"0":{"loc":{"start":{"line":16,"column":2},"end":{"line":18,"column":3}},"type":"if","locations":[{"start":{"line":16,"column":2},"end":{"line":18,"column":3}},{"start":{"line":16,"column":2},"end":{"line":18,"column":3}}],"line":16}},"s":{"0":1,"1":1,"2":1,"3":1,"4":1,"5":1,"6":1,"7":7,"8":7,"9":1,"10":6,"11":1,"12":2},"f":{"0":1,"1":1,"2":7,"3":2},"b":{"0":[1,6]},"_coverageSchema":"332fd63041d2c1bcb487cc26dd0d5f7d97098a6c","hash":"ed93d461faf6387d12b6ee804160ff3b81dffa10"}
}
