TN:
SF:/Users/andrewmundy/Dev/DDD/frontend/src/App.tsx
FN:26,(anonymous_0)
FN:30,(anonymous_1)
FN:43,(anonymous_2)
FN:56,(anonymous_3)
FN:62,(anonymous_4)
FN:71,(anonymous_5)
FN:87,(anonymous_6)
FN:92,(anonymous_7)
FNF:8
FNH:8
FNDA:7,(anonymous_0)
FNDA:35,(anonymous_1)
FNDA:2,(anonymous_2)
FNDA:1,(anonymous_3)
FNDA:1,(anonymous_4)
FNDA:2,(anonymous_5)
FNDA:1,(anonymous_6)
FNDA:2,(anonymous_7)
DA:27,7
DA:31,35
DA:43,2
DA:56,1
DA:62,1
DA:72,2
DA:73,2
DA:74,2
DA:75,2
DA:76,2
DA:77,1
DA:78,1
DA:79,1
DA:81,1
DA:83,2
DA:88,1
DA:89,1
DA:93,2
DA:94,2
DA:95,2
DA:96,1
DA:98,1
DA:100,2
LF:23
LH:23
BRDA:38,0,0,12
BRDA:38,0,1,23
BRF:2
BRH:2
end_of_record
TN:
SF:/Users/andrewmundy/Dev/DDD/frontend/src/session.ts
FN:2,(anonymous_0)
FN:8,(anonymous_1)
FN:14,(anonymous_2)
FN:23,(anonymous_3)
FNF:4
FNH:4
FNDA:1,(anonymous_0)
FNDA:1,(anonymous_1)
FNDA:7,(anonymous_2)
FNDA:2,(anonymous_3)
DA:2,1
DA:3,1
DA:4,1
DA:8,1
DA:9,1
DA:10,1
DA:14,1
DA:15,7
DA:16,7
DA:17,1
DA:19,6
DA:23,2
LF:12
LH:12
BRDA:16,0,0,1
BRDA:16,0,1,6
BRF:2
BRH:2
end_of_record
